<?xml version="1.0" encoding="UTF-8"?>
<testng-results ignored="1" total="2" passed="1" failed="0" skipped="0">
  <reporter-output>
  </reporter-output>
  <suite started-at="2022-05-20T12:31:47 GST" name="Default suite" finished-at="2022-05-20T12:32:00 GST" duration-ms="12759">
    <groups>
    </groups>
    <test started-at="2022-05-20T12:31:47 GST" name="Default test" finished-at="2022-05-20T12:32:00 GST" duration-ms="12759">
      <class name="com.selenium.org.xpathsample">
        <test-method signature="execute()[pri:0, instance:com.selenium.org.xpathsample@182b435b]" started-at="2022-05-20T12:31:47 GST" name="execute" finished-at="2022-05-20T12:32:00 GST" duration-ms="12700" status="PASS">
          <reporter-output>
          </reporter-output>
        </test-method> <!-- execute -->
      </class> <!-- com.selenium.org.xpathsample -->
    </test> <!-- Default test -->
  </suite> <!-- Default suite -->
</testng-results>
