<?xml version="1.0" encoding="UTF-8"?>
<!-- Generated by org.testng.reporters.JUnitXMLReporter -->
<testsuite ignored="1" hostname="DESKTOP-VTBANGG" failures="0" tests="1" name="Default test" time="12.759" errors="0" timestamp="2022-05-20T12:32:00 GST">
  <testcase classname="com.selenium.org.xpathsample" name="execute" time="12.7"/>
  <testcase classname="com.selenium.org.xpathsample" name="ValidatePageLabels" time="0.0">
    <ignored/>
  </testcase> <!-- ValidatePageLabels -->
</testsuite> <!-- Default test -->
